[Wed Mar  4 23:57:55 GMT 2026] Changes detected, pushing to GitHub...
 M watch-and-push.sh
?? watch.log
[main 2b8ee35] Auto-update: 2026-03-04 23:57:55
 3 files changed, 51 insertions(+), 42 deletions(-)
 create mode 100644 auto-push.log
 create mode 100644 watch.log
To https://github.com/waqarhossen/earncashly.git
   e4e6b96..2b8ee35  main -> main
[Wed Mar  4 23:57:57 GMT 2026] Successfully pushed to GitHub!
[Wed Mar  4 23:58:01 GMT 2026] Changes detected, pushing to GitHub...
 M watch.log
[main 843bdaa] Auto-update: 2026-03-04 23:58:01
 2 files changed, 18 insertions(+)
To https://github.com/waqarhossen/earncashly.git
   2b8ee35..843bdaa  main -> main
[Wed Mar  4 23:58:02 GMT 2026] Successfully pushed to GitHub!
[Wed Mar  4 23:58:06 GMT 2026] Changes detected, pushing to GitHub...
 M watch.log
[main 67110fe] Auto-update: 2026-03-04 23:58:06
 2 files changed, 14 insertions(+)
To https://github.com/waqarhossen/earncashly.git
   843bdaa..67110fe  main -> main
[Wed Mar  4 23:58:08 GMT 2026] Successfully pushed to GitHub!
[Wed Mar  4 23:58:12 GMT 2026] Changes detected, pushing to GitHub...
 M watch.log
[main 9dfc367] Auto-update: 2026-03-04 23:58:12
 2 files changed, 14 insertions(+)
To https://github.com/waqarhossen/earncashly.git
   67110fe..9dfc367  main -> main
[Wed Mar  4 23:58:13 GMT 2026] Successfully pushed to GitHub!
[Wed Mar  4 23:58:17 GMT 2026] Changes detected, pushing to GitHub...
 M watch.log
[main c70abeb] Auto-update: 2026-03-04 23:58:17
 2 files changed, 14 insertions(+)
To https://github.com/waqarhossen/earncashly.git
   9dfc367..c70abeb  main -> main
[Wed Mar  4 23:58:19 GMT 2026] Successfully pushed to GitHub!
[Wed Mar  4 23:58:23 GMT 2026] Changes detected, pushing to GitHub...
 M watch.log
[main b01e845] Auto-update: 2026-03-04 23:58:23
 2 files changed, 14 insertions(+)
To https://github.com/waqarhossen/earncashly.git
   c70abeb..b01e845  main -> main
[Wed Mar  4 23:58:24 GMT 2026] Successfully pushed to GitHub!
[Wed Mar  4 23:58:28 GMT 2026] Changes detected, pushing to GitHub...
 M watch.log
[main db2ee9f] Auto-update: 2026-03-04 23:58:28
 2 files changed, 14 insertions(+)
To https://github.com/waqarhossen/earncashly.git
   b01e845..db2ee9f  main -> main
[Wed Mar  4 23:58:29 GMT 2026] Successfully pushed to GitHub!
[Wed Mar  4 23:58:33 GMT 2026] Changes detected, pushing to GitHub...
 M watch.log
