Starting auto-push watcher for EarnCashly...
Log file: /root/earncasly/auto-push.log
Press Ctrl+C to stop
[Wed Mar  4 23:57:55 GMT 2026] Changes detected, pushing to GitHub...
 M watch-and-push.sh
?? watch.log
[main 2b8ee35] Auto-update: 2026-03-04 23:57:55
 3 files changed, 51 insertions(+), 42 deletions(-)
 create mode 100644 auto-push.log
 create mode 100644 watch.log
To https://github.com/waqarhossen/earncashly.git
   e4e6b96..2b8ee35  main -> main
[Wed Mar  4 23:57:57 GMT 2026] Successfully pushed to GitHub!
[Wed Mar  4 23:58:01 GMT 2026] Changes detected, pushing to GitHub...
 M watch.log
[main 843bdaa] Auto-update: 2026-03-04 23:58:01
 2 files changed, 18 insertions(+)
To https://github.com/waqarhossen/earncashly.git
   2b8ee35..843bdaa  main -> main
[Wed Mar  4 23:58:02 GMT 2026] Successfully pushed to GitHub!
[Wed Mar  4 23:58:06 GMT 2026] Changes detected, pushing to GitHub...
 M watch.log
[main 67110fe] Auto-update: 2026-03-04 23:58:06
 2 files changed, 14 insertions(+)
To https://github.com/waqarhossen/earncashly.git
   843bdaa..67110fe  main -> main
[Wed Mar  4 23:58:08 GMT 2026] Successfully pushed to GitHub!
[Wed Mar  4 23:58:12 GMT 2026] Changes detected, pushing to GitHub...
 M watch.log
[main 9dfc367] Auto-update: 2026-03-04 23:58:12
 2 files changed, 14 insertions(+)
To https://github.com/waqarhossen/earncashly.git
   67110fe..9dfc367  main -> main
[Wed Mar  4 23:58:13 GMT 2026] Successfully pushed to GitHub!
[Wed Mar  4 23:58:17 GMT 2026] Changes detected, pushing to GitHub...
 M watch.log
[main c70abeb] Auto-update: 2026-03-04 23:58:17
 2 files changed, 14 insertions(+)
To https://github.com/waqarhossen/earncashly.git
   9dfc367..c70abeb  main -> main
[Wed Mar  4 23:58:19 GMT 2026] Successfully pushed to GitHub!
[Wed Mar  4 23:58:23 GMT 2026] Changes detected, pushing to GitHub...
 M watch.log
[main b01e845] Auto-update: 2026-03-04 23:58:23
 2 files changed, 14 insertions(+)
To https://github.com/waqarhossen/earncashly.git
   c70abeb..b01e845  main -> main
[Wed Mar  4 23:58:24 GMT 2026] Successfully pushed to GitHub!
[Wed Mar  4 23:58:28 GMT 2026] Changes detected, pushing to GitHub...
 M watch.log
[main db2ee9f] Auto-update: 2026-03-04 23:58:28
 2 files changed, 14 insertions(+)
To https://github.com/waqarhossen/earncashly.git
   b01e845..db2ee9f  main -> main
[Wed Mar  4 23:58:29 GMT 2026] Successfully pushed to GitHub!
[Wed Mar  4 23:58:33 GMT 2026] Changes detected, pushing to GitHub...
 M watch.log
[main 6b36924] Auto-update: 2026-03-04 23:58:33
 2 files changed, 14 insertions(+)
To https://github.com/waqarhossen/earncashly.git
   db2ee9f..6b36924  main -> main
[Wed Mar  4 23:58:35 GMT 2026] Successfully pushed to GitHub!
[Wed Mar  4 23:58:39 GMT 2026] Changes detected, pushing to GitHub...
 M watch.log
[main 2c32e14] Auto-update: 2026-03-04 23:58:39
 2 files changed, 14 insertions(+)
To https://github.com/waqarhossen/earncashly.git
   6b36924..2c32e14  main -> main
[Wed Mar  4 23:58:40 GMT 2026] Successfully pushed to GitHub!
[Wed Mar  4 23:58:44 GMT 2026] Changes detected, pushing to GitHub...
 M watch.log
[main 6659635] Auto-update: 2026-03-04 23:58:44
 2 files changed, 14 insertions(+)
To https://github.com/waqarhossen/earncashly.git
   2c32e14..6659635  main -> main
[Wed Mar  4 23:58:46 GMT 2026] Successfully pushed to GitHub!
[Wed Mar  4 23:58:50 GMT 2026] Changes detected, pushing to GitHub...
 M watch.log
[main 526989c] Auto-update: 2026-03-04 23:58:50
 2 files changed, 14 insertions(+)
To https://github.com/waqarhossen/earncashly.git
   6659635..526989c  main -> main
[Wed Mar  4 23:58:51 GMT 2026] Successfully pushed to GitHub!
[Wed Mar  4 23:58:55 GMT 2026] Changes detected, pushing to GitHub...
 M watch.log
[main cf3fdff] Auto-update: 2026-03-04 23:58:55
 2 files changed, 14 insertions(+)
To https://github.com/waqarhossen/earncashly.git
   526989c..cf3fdff  main -> main
[Wed Mar  4 23:58:57 GMT 2026] Successfully pushed to GitHub!
[Wed Mar  4 23:59:01 GMT 2026] Changes detected, pushing to GitHub...
 M watch.log
[main db23f0d] Auto-update: 2026-03-04 23:59:01
 2 files changed, 14 insertions(+)
To https://github.com/waqarhossen/earncashly.git
   cf3fdff..db23f0d  main -> main
[Wed Mar  4 23:59:03 GMT 2026] Successfully pushed to GitHub!
[Wed Mar  4 23:59:07 GMT 2026] Changes detected, pushing to GitHub...
 M watch.log
[main a2919fb] Auto-update: 2026-03-04 23:59:07
 2 files changed, 14 insertions(+)
To https://github.com/waqarhossen/earncashly.git
   db23f0d..a2919fb  main -> main
[Wed Mar  4 23:59:08 GMT 2026] Successfully pushed to GitHub!
[Wed Mar  4 23:59:12 GMT 2026] Changes detected, pushing to GitHub...
 M watch.log
[main 6b37266] Auto-update: 2026-03-04 23:59:12
 2 files changed, 14 insertions(+)
To https://github.com/waqarhossen/earncashly.git
   a2919fb..6b37266  main -> main
[Wed Mar  4 23:59:13 GMT 2026] Successfully pushed to GitHub!
[Wed Mar  4 23:59:17 GMT 2026] Changes detected, pushing to GitHub...
 M watch.log
[main 293e2f9] Auto-update: 2026-03-04 23:59:17
 2 files changed, 14 insertions(+)
To https://github.com/waqarhossen/earncashly.git
   6b37266..293e2f9  main -> main
[Wed Mar  4 23:59:19 GMT 2026] Successfully pushed to GitHub!
[Wed Mar  4 23:59:23 GMT 2026] Changes detected, pushing to GitHub...
 M watch.log
[main 5ddde07] Auto-update: 2026-03-04 23:59:23
 2 files changed, 14 insertions(+)
To https://github.com/waqarhossen/earncashly.git
   293e2f9..5ddde07  main -> main
[Wed Mar  4 23:59:24 GMT 2026] Successfully pushed to GitHub!
[Wed Mar  4 23:59:28 GMT 2026] Changes detected, pushing to GitHub...
 M watch.log
[main c953fa0] Auto-update: 2026-03-04 23:59:28
 2 files changed, 14 insertions(+)
To https://github.com/waqarhossen/earncashly.git
   5ddde07..c953fa0  main -> main
[Wed Mar  4 23:59:30 GMT 2026] Successfully pushed to GitHub!
[Wed Mar  4 23:59:34 GMT 2026] Changes detected, pushing to GitHub...
 M watch.log
[main 0e905fc] Auto-update: 2026-03-04 23:59:34
 2 files changed, 14 insertions(+)
To https://github.com/waqarhossen/earncashly.git
   c953fa0..0e905fc  main -> main
[Wed Mar  4 23:59:35 GMT 2026] Successfully pushed to GitHub!
[Wed Mar  4 23:59:39 GMT 2026] Changes detected, pushing to GitHub...
 M watch.log
[main 436fe33] Auto-update: 2026-03-04 23:59:39
 2 files changed, 14 insertions(+)
To https://github.com/waqarhossen/earncashly.git
   0e905fc..436fe33  main -> main
[Wed Mar  4 23:59:40 GMT 2026] Successfully pushed to GitHub!
[Wed Mar  4 23:59:44 GMT 2026] Changes detected, pushing to GitHub...
 M watch.log
[main e637576] Auto-update: 2026-03-04 23:59:44
 2 files changed, 14 insertions(+)
To https://github.com/waqarhossen/earncashly.git
   436fe33..e637576  main -> main
[Wed Mar  4 23:59:46 GMT 2026] Successfully pushed to GitHub!
[Wed Mar  4 23:59:50 GMT 2026] Changes detected, pushing to GitHub...
 M watch.log
[main 2c5995d] Auto-update: 2026-03-04 23:59:50
 2 files changed, 14 insertions(+)
To https://github.com/waqarhossen/earncashly.git
   e637576..2c5995d  main -> main
[Wed Mar  4 23:59:51 GMT 2026] Successfully pushed to GitHub!
[Wed Mar  4 23:59:55 GMT 2026] Changes detected, pushing to GitHub...
 M watch.log
[main b6b3977] Auto-update: 2026-03-04 23:59:55
 2 files changed, 14 insertions(+)
To https://github.com/waqarhossen/earncashly.git
   2c5995d..b6b3977  main -> main
[Wed Mar  4 23:59:57 GMT 2026] Successfully pushed to GitHub!
[Thu Mar  5 00:00:01 GMT 2026] Changes detected, pushing to GitHub...
 M watch.log
[main 26d985c] Auto-update: 2026-03-05 00:00:01
 2 files changed, 14 insertions(+)
To https://github.com/waqarhossen/earncashly.git
   b6b3977..26d985c  main -> main
[Thu Mar  5 00:00:03 GMT 2026] Successfully pushed to GitHub!
[Thu Mar  5 00:00:07 GMT 2026] Changes detected, pushing to GitHub...
 M watch.log
[main 27fff8b] Auto-update: 2026-03-05 00:00:07
 2 files changed, 14 insertions(+)
To https://github.com/waqarhossen/earncashly.git
   26d985c..27fff8b  main -> main
[Thu Mar  5 00:00:08 GMT 2026] Successfully pushed to GitHub!
[Thu Mar  5 00:00:12 GMT 2026] Changes detected, pushing to GitHub...
 M watch.log
[main 7729224] Auto-update: 2026-03-05 00:00:12
 2 files changed, 14 insertions(+)
To https://github.com/waqarhossen/earncashly.git
   27fff8b..7729224  main -> main
[Thu Mar  5 00:00:14 GMT 2026] Successfully pushed to GitHub!
[Thu Mar  5 00:00:18 GMT 2026] Changes detected, pushing to GitHub...
 M watch.log
[main 8dc00fc] Auto-update: 2026-03-05 00:00:18
 2 files changed, 14 insertions(+)
To https://github.com/waqarhossen/earncashly.git
   7729224..8dc00fc  main -> main
[Thu Mar  5 00:00:19 GMT 2026] Successfully pushed to GitHub!
[Thu Mar  5 00:00:23 GMT 2026] Changes detected, pushing to GitHub...
 M watch.log
[main bfeb0ee] Auto-update: 2026-03-05 00:00:23
 2 files changed, 14 insertions(+)
To https://github.com/waqarhossen/earncashly.git
   8dc00fc..bfeb0ee  main -> main
[Thu Mar  5 00:00:24 GMT 2026] Successfully pushed to GitHub!
[Thu Mar  5 00:00:28 GMT 2026] Changes detected, pushing to GitHub...
 M watch.log
[main acee423] Auto-update: 2026-03-05 00:00:28
 2 files changed, 14 insertions(+)
To https://github.com/waqarhossen/earncashly.git
   bfeb0ee..acee423  main -> main
[Thu Mar  5 00:00:30 GMT 2026] Successfully pushed to GitHub!
[Thu Mar  5 00:00:34 GMT 2026] Changes detected, pushing to GitHub...
 M watch.log
[main 5fc227d] Auto-update: 2026-03-05 00:00:34
 2 files changed, 14 insertions(+)
To https://github.com/waqarhossen/earncashly.git
   acee423..5fc227d  main -> main
[Thu Mar  5 00:00:35 GMT 2026] Successfully pushed to GitHub!
[Thu Mar  5 00:00:39 GMT 2026] Changes detected, pushing to GitHub...
 M watch.log
[main b304921] Auto-update: 2026-03-05 00:00:39
 2 files changed, 14 insertions(+)
To https://github.com/waqarhossen/earncashly.git
   5fc227d..b304921  main -> main
[Thu Mar  5 00:00:41 GMT 2026] Successfully pushed to GitHub!
[Thu Mar  5 00:00:45 GMT 2026] Changes detected, pushing to GitHub...
 M watch.log
[main fad679b] Auto-update: 2026-03-05 00:00:45
 2 files changed, 14 insertions(+)
To https://github.com/waqarhossen/earncashly.git
   b304921..fad679b  main -> main
[Thu Mar  5 00:00:46 GMT 2026] Successfully pushed to GitHub!
[Thu Mar  5 00:00:50 GMT 2026] Changes detected, pushing to GitHub...
 M watch.log
[main a568f90] Auto-update: 2026-03-05 00:00:50
 2 files changed, 14 insertions(+)
To https://github.com/waqarhossen/earncashly.git
   fad679b..a568f90  main -> main
[Thu Mar  5 00:00:51 GMT 2026] Successfully pushed to GitHub!
[Thu Mar  5 00:00:55 GMT 2026] Changes detected, pushing to GitHub...
 M watch.log
[main 96cec77] Auto-update: 2026-03-05 00:00:55
 2 files changed, 14 insertions(+)
To https://github.com/waqarhossen/earncashly.git
   a568f90..96cec77  main -> main
[Thu Mar  5 00:00:57 GMT 2026] Successfully pushed to GitHub!
[Thu Mar  5 00:01:01 GMT 2026] Changes detected, pushing to GitHub...
 M watch.log
[main 2c16570] Auto-update: 2026-03-05 00:01:01
 2 files changed, 14 insertions(+)
To https://github.com/waqarhossen/earncashly.git
   96cec77..2c16570  main -> main
[Thu Mar  5 00:01:02 GMT 2026] Successfully pushed to GitHub!
[Thu Mar  5 00:01:06 GMT 2026] Changes detected, pushing to GitHub...
 M watch.log
[main 0c1d8bf] Auto-update: 2026-03-05 00:01:06
 2 files changed, 14 insertions(+)
To https://github.com/waqarhossen/earncashly.git
   2c16570..0c1d8bf  main -> main
[Thu Mar  5 00:01:08 GMT 2026] Successfully pushed to GitHub!
[Thu Mar  5 00:01:12 GMT 2026] Changes detected, pushing to GitHub...
 M watch.log
[main b0a117d] Auto-update: 2026-03-05 00:01:12
 2 files changed, 14 insertions(+)
To https://github.com/waqarhossen/earncashly.git
   0c1d8bf..b0a117d  main -> main
[Thu Mar  5 00:01:13 GMT 2026] Successfully pushed to GitHub!
[Thu Mar  5 00:01:17 GMT 2026] Changes detected, pushing to GitHub...
 M watch.log
[main 5aee04a] Auto-update: 2026-03-05 00:01:17
 2 files changed, 14 insertions(+)
To https://github.com/waqarhossen/earncashly.git
   b0a117d..5aee04a  main -> main
[Thu Mar  5 00:01:18 GMT 2026] Successfully pushed to GitHub!
[Thu Mar  5 00:01:23 GMT 2026] Changes detected, pushing to GitHub...
 M watch.log
[main 9d73bc1] Auto-update: 2026-03-05 00:01:23
 2 files changed, 14 insertions(+)
To https://github.com/waqarhossen/earncashly.git
   5aee04a..9d73bc1  main -> main
[Thu Mar  5 00:01:24 GMT 2026] Successfully pushed to GitHub!
[Thu Mar  5 00:01:28 GMT 2026] Changes detected, pushing to GitHub...
 M watch.log
[main fdb6ac5] Auto-update: 2026-03-05 00:01:28
 2 files changed, 14 insertions(+)
To https://github.com/waqarhossen/earncashly.git
   9d73bc1..fdb6ac5  main -> main
[Thu Mar  5 00:01:29 GMT 2026] Successfully pushed to GitHub!
[Thu Mar  5 00:01:33 GMT 2026] Changes detected, pushing to GitHub...
 M watch.log
[main 1c0a660] Auto-update: 2026-03-05 00:01:33
 2 files changed, 14 insertions(+)
To https://github.com/waqarhossen/earncashly.git
   fdb6ac5..1c0a660  main -> main
[Thu Mar  5 00:01:35 GMT 2026] Successfully pushed to GitHub!
[Thu Mar  5 00:01:39 GMT 2026] Changes detected, pushing to GitHub...
 M watch.log
[main 7d4a488] Auto-update: 2026-03-05 00:01:39
 2 files changed, 14 insertions(+)
To https://github.com/waqarhossen/earncashly.git
   1c0a660..7d4a488  main -> main
[Thu Mar  5 00:01:40 GMT 2026] Successfully pushed to GitHub!
[Thu Mar  5 00:01:44 GMT 2026] Changes detected, pushing to GitHub...
 M watch.log
[main b0dc35f] Auto-update: 2026-03-05 00:01:44
 2 files changed, 14 insertions(+)
To https://github.com/waqarhossen/earncashly.git
   7d4a488..b0dc35f  main -> main
[Thu Mar  5 00:01:46 GMT 2026] Successfully pushed to GitHub!
[Thu Mar  5 00:01:50 GMT 2026] Changes detected, pushing to GitHub...
 M watch.log
[main 8149eb6] Auto-update: 2026-03-05 00:01:50
 2 files changed, 14 insertions(+)
To https://github.com/waqarhossen/earncashly.git
   b0dc35f..8149eb6  main -> main
[Thu Mar  5 00:01:53 GMT 2026] Successfully pushed to GitHub!
[Thu Mar  5 00:01:55 GMT 2026] Changes detected, pushing to GitHub...
 M watch.log
[main 7781e15] Auto-update: 2026-03-05 00:01:55
 2 files changed, 14 insertions(+)
To https://github.com/waqarhossen/earncashly.git
   8149eb6..7781e15  main -> main
[Thu Mar  5 00:01:57 GMT 2026] Successfully pushed to GitHub!
[Thu Mar  5 00:02:01 GMT 2026] Changes detected, pushing to GitHub...
 M watch.log
[main 9f83b40] Auto-update: 2026-03-05 00:02:01
 2 files changed, 14 insertions(+)
To https://github.com/waqarhossen/earncashly.git
   7781e15..9f83b40  main -> main
[Thu Mar  5 00:02:02 GMT 2026] Successfully pushed to GitHub!
[Thu Mar  5 00:02:06 GMT 2026] Changes detected, pushing to GitHub...
 M watch.log
[main b57c859] Auto-update: 2026-03-05 00:02:06
 2 files changed, 14 insertions(+)
To https://github.com/waqarhossen/earncashly.git
   9f83b40..b57c859  main -> main
[Thu Mar  5 00:02:11 GMT 2026] Successfully pushed to GitHub!
[Thu Mar  5 00:02:13 GMT 2026] Changes detected, pushing to GitHub...
 M watch.log
[main 4b2bf90] Auto-update: 2026-03-05 00:02:13
 2 files changed, 14 insertions(+)
To https://github.com/waqarhossen/earncashly.git
   b57c859..4b2bf90  main -> main
[Thu Mar  5 00:02:15 GMT 2026] Successfully pushed to GitHub!
[Thu Mar  5 00:02:19 GMT 2026] Changes detected, pushing to GitHub...
 M watch.log
[main 212cb86] Auto-update: 2026-03-05 00:02:19
 2 files changed, 14 insertions(+)
To https://github.com/waqarhossen/earncashly.git
   4b2bf90..212cb86  main -> main
[Thu Mar  5 00:02:20 GMT 2026] Successfully pushed to GitHub!
[Thu Mar  5 00:02:25 GMT 2026] Changes detected, pushing to GitHub...
 M watch.log
[main 414ca88] Auto-update: 2026-03-05 00:02:25
 2 files changed, 14 insertions(+)
To https://github.com/waqarhossen/earncashly.git
   212cb86..414ca88  main -> main
[Thu Mar  5 00:02:27 GMT 2026] Successfully pushed to GitHub!
[Thu Mar  5 00:02:31 GMT 2026] Changes detected, pushing to GitHub...
 M watch.log
[main 1dee6c8] Auto-update: 2026-03-05 00:02:31
 2 files changed, 14 insertions(+)
To https://github.com/waqarhossen/earncashly.git
   414ca88..1dee6c8  main -> main
[Thu Mar  5 00:02:32 GMT 2026] Successfully pushed to GitHub!
[Thu Mar  5 00:02:36 GMT 2026] Changes detected, pushing to GitHub...
 M watch.log
[main 7b6816e] Auto-update: 2026-03-05 00:02:36
 2 files changed, 14 insertions(+)
To https://github.com/waqarhossen/earncashly.git
   1dee6c8..7b6816e  main -> main
[Thu Mar  5 00:02:39 GMT 2026] Successfully pushed to GitHub!
[Thu Mar  5 00:02:41 GMT 2026] Changes detected, pushing to GitHub...
 M watch.log
[main 7d44697] Auto-update: 2026-03-05 00:02:41
 2 files changed, 14 insertions(+)
To https://github.com/waqarhossen/earncashly.git
   7b6816e..7d44697  main -> main
[Thu Mar  5 00:02:43 GMT 2026] Successfully pushed to GitHub!
[Thu Mar  5 00:02:47 GMT 2026] Changes detected, pushing to GitHub...
 M watch.log
[main 11768d7] Auto-update: 2026-03-05 00:02:47
 2 files changed, 14 insertions(+)
To https://github.com/waqarhossen/earncashly.git
   7d44697..11768d7  main -> main
[Thu Mar  5 00:02:48 GMT 2026] Successfully pushed to GitHub!
[Thu Mar  5 00:02:52 GMT 2026] Changes detected, pushing to GitHub...
 M watch.log
[main 009e42d] Auto-update: 2026-03-05 00:02:52
 2 files changed, 14 insertions(+)
To https://github.com/waqarhossen/earncashly.git
   11768d7..009e42d  main -> main
[Thu Mar  5 00:02:53 GMT 2026] Successfully pushed to GitHub!
[Thu Mar  5 00:02:58 GMT 2026] Changes detected, pushing to GitHub...
 M watch.log
[main 19a99f4] Auto-update: 2026-03-05 00:02:58
 2 files changed, 14 insertions(+)
To https://github.com/waqarhossen/earncashly.git
   009e42d..19a99f4  main -> main
[Thu Mar  5 00:02:59 GMT 2026] Successfully pushed to GitHub!
[Thu Mar  5 00:03:03 GMT 2026] Changes detected, pushing to GitHub...
 M watch.log
[main 1523c43] Auto-update: 2026-03-05 00:03:03
 2 files changed, 14 insertions(+)
To https://github.com/waqarhossen/earncashly.git
   19a99f4..1523c43  main -> main
[Thu Mar  5 00:03:04 GMT 2026] Successfully pushed to GitHub!
[Thu Mar  5 00:03:08 GMT 2026] Changes detected, pushing to GitHub...
 M watch.log
[main 143570f] Auto-update: 2026-03-05 00:03:08
 2 files changed, 14 insertions(+)
To https://github.com/waqarhossen/earncashly.git
   1523c43..143570f  main -> main
[Thu Mar  5 00:03:10 GMT 2026] Successfully pushed to GitHub!
[Thu Mar  5 00:03:14 GMT 2026] Changes detected, pushing to GitHub...
 M watch.log
[main 65bbab3] Auto-update: 2026-03-05 00:03:14
 2 files changed, 14 insertions(+)
To https://github.com/waqarhossen/earncashly.git
   143570f..65bbab3  main -> main
[Thu Mar  5 00:03:15 GMT 2026] Successfully pushed to GitHub!
[Thu Mar  5 00:03:19 GMT 2026] Changes detected, pushing to GitHub...
 M watch.log
[main d2d5e02] Auto-update: 2026-03-05 00:03:19
 2 files changed, 14 insertions(+)
To https://github.com/waqarhossen/earncashly.git
   65bbab3..d2d5e02  main -> main
[Thu Mar  5 00:03:21 GMT 2026] Successfully pushed to GitHub!
[Thu Mar  5 00:03:25 GMT 2026] Changes detected, pushing to GitHub...
 M watch.log
[main f14a05a] Auto-update: 2026-03-05 00:03:25
 2 files changed, 14 insertions(+)
To https://github.com/waqarhossen/earncashly.git
   d2d5e02..f14a05a  main -> main
[Thu Mar  5 00:03:26 GMT 2026] Successfully pushed to GitHub!
[Thu Mar  5 00:03:31 GMT 2026] Changes detected, pushing to GitHub...
 M watch.log
[main d182402] Auto-update: 2026-03-05 00:03:31
 2 files changed, 14 insertions(+)
To https://github.com/waqarhossen/earncashly.git
   f14a05a..d182402  main -> main
[Thu Mar  5 00:03:35 GMT 2026] Successfully pushed to GitHub!
[Thu Mar  5 00:03:37 GMT 2026] Changes detected, pushing to GitHub...
 M watch.log
[main 61bf275] Auto-update: 2026-03-05 00:03:37
 2 files changed, 14 insertions(+)
To https://github.com/waqarhossen/earncashly.git
   d182402..61bf275  main -> main
[Thu Mar  5 00:03:38 GMT 2026] Successfully pushed to GitHub!
[Thu Mar  5 00:03:42 GMT 2026] Changes detected, pushing to GitHub...
 M watch.log
[main 109400a] Auto-update: 2026-03-05 00:03:42
 2 files changed, 14 insertions(+)
To https://github.com/waqarhossen/earncashly.git
   61bf275..109400a  main -> main
[Thu Mar  5 00:03:45 GMT 2026] Successfully pushed to GitHub!
[Thu Mar  5 00:03:47 GMT 2026] Changes detected, pushing to GitHub...
 M watch.log
[main 7b1d9da] Auto-update: 2026-03-05 00:03:47
 2 files changed, 14 insertions(+)
To https://github.com/waqarhossen/earncashly.git
   109400a..7b1d9da  main -> main
[Thu Mar  5 00:03:49 GMT 2026] Successfully pushed to GitHub!
[Thu Mar  5 00:03:53 GMT 2026] Changes detected, pushing to GitHub...
 M watch.log
[main b374926] Auto-update: 2026-03-05 00:03:53
 2 files changed, 14 insertions(+)
To https://github.com/waqarhossen/earncashly.git
   7b1d9da..b374926  main -> main
[Thu Mar  5 00:03:55 GMT 2026] Successfully pushed to GitHub!
[Thu Mar  5 00:03:59 GMT 2026] Changes detected, pushing to GitHub...
 M watch.log
[main 1da46b1] Auto-update: 2026-03-05 00:03:59
 2 files changed, 14 insertions(+)
To https://github.com/waqarhossen/earncashly.git
   b374926..1da46b1  main -> main
[Thu Mar  5 00:04:02 GMT 2026] Successfully pushed to GitHub!
[Thu Mar  5 00:04:04 GMT 2026] Changes detected, pushing to GitHub...
 M watch.log
[main dd29aef] Auto-update: 2026-03-05 00:04:04
 2 files changed, 14 insertions(+)
To https://github.com/waqarhossen/earncashly.git
   1da46b1..dd29aef  main -> main
[Thu Mar  5 00:04:07 GMT 2026] Successfully pushed to GitHub!
[Thu Mar  5 00:04:09 GMT 2026] Changes detected, pushing to GitHub...
 M watch.log
[main 617a481] Auto-update: 2026-03-05 00:04:09
 2 files changed, 14 insertions(+)
To https://github.com/waqarhossen/earncashly.git
   dd29aef..617a481  main -> main
[Thu Mar  5 00:04:12 GMT 2026] Successfully pushed to GitHub!
[Thu Mar  5 00:04:14 GMT 2026] Changes detected, pushing to GitHub...
 M watch.log
[main 954445f] Auto-update: 2026-03-05 00:04:14
 2 files changed, 14 insertions(+)
To https://github.com/waqarhossen/earncashly.git
   617a481..954445f  main -> main
[Thu Mar  5 00:04:15 GMT 2026] Successfully pushed to GitHub!
[Thu Mar  5 00:04:19 GMT 2026] Changes detected, pushing to GitHub...
 M watch.log
[main e8d5124] Auto-update: 2026-03-05 00:04:19
 2 files changed, 14 insertions(+)
To https://github.com/waqarhossen/earncashly.git
   954445f..e8d5124  main -> main
[Thu Mar  5 00:04:21 GMT 2026] Successfully pushed to GitHub!
[Thu Mar  5 00:04:25 GMT 2026] Changes detected, pushing to GitHub...
 M watch.log
[main 56074ac] Auto-update: 2026-03-05 00:04:25
 2 files changed, 14 insertions(+)
To https://github.com/waqarhossen/earncashly.git
   e8d5124..56074ac  main -> main
[Thu Mar  5 00:04:27 GMT 2026] Successfully pushed to GitHub!
[Thu Mar  5 00:04:31 GMT 2026] Changes detected, pushing to GitHub...
 M watch.log
[main e18fd62] Auto-update: 2026-03-05 00:04:31
 2 files changed, 14 insertions(+)
To https://github.com/waqarhossen/earncashly.git
   56074ac..e18fd62  main -> main
[Thu Mar  5 00:04:32 GMT 2026] Successfully pushed to GitHub!
[Thu Mar  5 00:04:36 GMT 2026] Changes detected, pushing to GitHub...
 M watch.log
[main 40203ce] Auto-update: 2026-03-05 00:04:36
 2 files changed, 14 insertions(+)
To https://github.com/waqarhossen/earncashly.git
   e18fd62..40203ce  main -> main
[Thu Mar  5 00:04:38 GMT 2026] Successfully pushed to GitHub!
[Thu Mar  5 00:04:42 GMT 2026] Changes detected, pushing to GitHub...
 M watch.log
[main cdd1d1d] Auto-update: 2026-03-05 00:04:42
 2 files changed, 14 insertions(+)
To https://github.com/waqarhossen/earncashly.git
   40203ce..cdd1d1d  main -> main
[Thu Mar  5 00:04:43 GMT 2026] Successfully pushed to GitHub!
[Thu Mar  5 00:04:47 GMT 2026] Changes detected, pushing to GitHub...
 M watch.log
[main f46a0af] Auto-update: 2026-03-05 00:04:47
 2 files changed, 14 insertions(+)
To https://github.com/waqarhossen/earncashly.git
   cdd1d1d..f46a0af  main -> main
[Thu Mar  5 00:04:48 GMT 2026] Successfully pushed to GitHub!
[Thu Mar  5 00:04:52 GMT 2026] Changes detected, pushing to GitHub...
 M watch.log
[main d8220af] Auto-update: 2026-03-05 00:04:52
 2 files changed, 14 insertions(+)
To https://github.com/waqarhossen/earncashly.git
   f46a0af..d8220af  main -> main
[Thu Mar  5 00:04:54 GMT 2026] Successfully pushed to GitHub!
[Thu Mar  5 00:04:58 GMT 2026] Changes detected, pushing to GitHub...
 M watch.log
[main 6666799] Auto-update: 2026-03-05 00:04:58
 2 files changed, 14 insertions(+)
To https://github.com/waqarhossen/earncashly.git
   d8220af..6666799  main -> main
[Thu Mar  5 00:04:59 GMT 2026] Successfully pushed to GitHub!
[Thu Mar  5 00:05:03 GMT 2026] Changes detected, pushing to GitHub...
 M watch.log
[main 13be480] Auto-update: 2026-03-05 00:05:03
 2 files changed, 14 insertions(+)
To https://github.com/waqarhossen/earncashly.git
   6666799..13be480  main -> main
[Thu Mar  5 00:05:05 GMT 2026] Successfully pushed to GitHub!
[Thu Mar  5 00:05:09 GMT 2026] Changes detected, pushing to GitHub...
 M watch.log
[main 6b9a99f] Auto-update: 2026-03-05 00:05:09
 2 files changed, 14 insertions(+)
To https://github.com/waqarhossen/earncashly.git
   13be480..6b9a99f  main -> main
[Thu Mar  5 00:05:10 GMT 2026] Successfully pushed to GitHub!
[Thu Mar  5 00:05:14 GMT 2026] Changes detected, pushing to GitHub...
 M watch.log
[main f831c5f] Auto-update: 2026-03-05 00:05:14
 2 files changed, 14 insertions(+)
To https://github.com/waqarhossen/earncashly.git
   6b9a99f..f831c5f  main -> main
[Thu Mar  5 00:05:16 GMT 2026] Successfully pushed to GitHub!
[Thu Mar  5 00:05:20 GMT 2026] Changes detected, pushing to GitHub...
 M watch.log
[main 293183c] Auto-update: 2026-03-05 00:05:20
 2 files changed, 14 insertions(+)
To https://github.com/waqarhossen/earncashly.git
   f831c5f..293183c  main -> main
[Thu Mar  5 00:05:21 GMT 2026] Successfully pushed to GitHub!
[Thu Mar  5 00:05:25 GMT 2026] Changes detected, pushing to GitHub...
 M watch.log
[main 19d2969] Auto-update: 2026-03-05 00:05:25
 2 files changed, 14 insertions(+)
To https://github.com/waqarhossen/earncashly.git
   293183c..19d2969  main -> main
[Thu Mar  5 00:05:26 GMT 2026] Successfully pushed to GitHub!
[Thu Mar  5 00:05:30 GMT 2026] Changes detected, pushing to GitHub...
 M watch.log
[main fa93058] Auto-update: 2026-03-05 00:05:30
 2 files changed, 14 insertions(+)
To https://github.com/waqarhossen/earncashly.git
   19d2969..fa93058  main -> main
[Thu Mar  5 00:05:32 GMT 2026] Successfully pushed to GitHub!
[Thu Mar  5 00:05:36 GMT 2026] Changes detected, pushing to GitHub...
 M watch.log
[main 3912841] Auto-update: 2026-03-05 00:05:36
 2 files changed, 14 insertions(+)
To https://github.com/waqarhossen/earncashly.git
   fa93058..3912841  main -> main
[Thu Mar  5 00:05:37 GMT 2026] Successfully pushed to GitHub!
[Thu Mar  5 00:05:41 GMT 2026] Changes detected, pushing to GitHub...
 M watch.log
[main 659abec] Auto-update: 2026-03-05 00:05:41
 2 files changed, 14 insertions(+)
To https://github.com/waqarhossen/earncashly.git
   3912841..659abec  main -> main
[Thu Mar  5 00:05:43 GMT 2026] Successfully pushed to GitHub!
[Thu Mar  5 00:05:47 GMT 2026] Changes detected, pushing to GitHub...
 M watch.log
[main 1c72c6b] Auto-update: 2026-03-05 00:05:47
 2 files changed, 14 insertions(+)
To https://github.com/waqarhossen/earncashly.git
   659abec..1c72c6b  main -> main
[Thu Mar  5 00:05:48 GMT 2026] Successfully pushed to GitHub!
[Thu Mar  5 00:05:52 GMT 2026] Changes detected, pushing to GitHub...
 M watch.log
[main 38a363a] Auto-update: 2026-03-05 00:05:52
 2 files changed, 14 insertions(+)
To https://github.com/waqarhossen/earncashly.git
   1c72c6b..38a363a  main -> main
[Thu Mar  5 00:05:57 GMT 2026] Successfully pushed to GitHub!
[Thu Mar  5 00:05:59 GMT 2026] Changes detected, pushing to GitHub...
 M watch.log
[main d01efe1] Auto-update: 2026-03-05 00:05:59
 2 files changed, 14 insertions(+)
To https://github.com/waqarhossen/earncashly.git
   38a363a..d01efe1  main -> main
[Thu Mar  5 00:06:00 GMT 2026] Successfully pushed to GitHub!
[Thu Mar  5 00:06:04 GMT 2026] Changes detected, pushing to GitHub...
 M watch.log
[main 2234e10] Auto-update: 2026-03-05 00:06:04
 2 files changed, 14 insertions(+)
To https://github.com/waqarhossen/earncashly.git
   d01efe1..2234e10  main -> main
[Thu Mar  5 00:06:07 GMT 2026] Successfully pushed to GitHub!
[Thu Mar  5 00:06:09 GMT 2026] Changes detected, pushing to GitHub...
 M watch.log
[main 3ab627d] Auto-update: 2026-03-05 00:06:09
 2 files changed, 14 insertions(+)
To https://github.com/waqarhossen/earncashly.git
   2234e10..3ab627d  main -> main
[Thu Mar  5 00:06:12 GMT 2026] Successfully pushed to GitHub!
[Thu Mar  5 00:06:14 GMT 2026] Changes detected, pushing to GitHub...
 M watch.log
[main 1d0278e] Auto-update: 2026-03-05 00:06:14
 2 files changed, 14 insertions(+)
To https://github.com/waqarhossen/earncashly.git
   3ab627d..1d0278e  main -> main
[Thu Mar  5 00:06:16 GMT 2026] Successfully pushed to GitHub!
[Thu Mar  5 00:06:20 GMT 2026] Changes detected, pushing to GitHub...
 M watch.log
[main dfc3348] Auto-update: 2026-03-05 00:06:20
 2 files changed, 14 insertions(+)
To https://github.com/waqarhossen/earncashly.git
   1d0278e..dfc3348  main -> main
[Thu Mar  5 00:06:23 GMT 2026] Successfully pushed to GitHub!
[Thu Mar  5 00:06:25 GMT 2026] Changes detected, pushing to GitHub...
 M watch.log
[main 8f8a572] Auto-update: 2026-03-05 00:06:25
 2 files changed, 14 insertions(+)
To https://github.com/waqarhossen/earncashly.git
   dfc3348..8f8a572  main -> main
[Thu Mar  5 00:06:28 GMT 2026] Successfully pushed to GitHub!
[Thu Mar  5 00:06:30 GMT 2026] Changes detected, pushing to GitHub...
 M watch.log
[main 2d60d9e] Auto-update: 2026-03-05 00:06:30
 2 files changed, 14 insertions(+)
To https://github.com/waqarhossen/earncashly.git
   8f8a572..2d60d9e  main -> main
[Thu Mar  5 00:06:31 GMT 2026] Successfully pushed to GitHub!
[Thu Mar  5 00:06:35 GMT 2026] Changes detected, pushing to GitHub...
 M watch.log
[main dccc0b0] Auto-update: 2026-03-05 00:06:35
 2 files changed, 14 insertions(+)
To https://github.com/waqarhossen/earncashly.git
   2d60d9e..dccc0b0  main -> main
[Thu Mar  5 00:06:41 GMT 2026] Successfully pushed to GitHub!
[Thu Mar  5 00:06:43 GMT 2026] Changes detected, pushing to GitHub...
 M watch.log
[main 0873cb4] Auto-update: 2026-03-05 00:06:43
 2 files changed, 14 insertions(+)
To https://github.com/waqarhossen/earncashly.git
   dccc0b0..0873cb4  main -> main
[Thu Mar  5 00:06:46 GMT 2026] Successfully pushed to GitHub!
[Thu Mar  5 00:06:48 GMT 2026] Changes detected, pushing to GitHub...
 M watch.log
[main 6ddf33e] Auto-update: 2026-03-05 00:06:48
 2 files changed, 14 insertions(+)
To https://github.com/waqarhossen/earncashly.git
   0873cb4..6ddf33e  main -> main
[Thu Mar  5 00:06:49 GMT 2026] Successfully pushed to GitHub!
[Thu Mar  5 00:06:53 GMT 2026] Changes detected, pushing to GitHub...
 M watch.log
[main 820348c] Auto-update: 2026-03-05 00:06:53
 2 files changed, 14 insertions(+)
To https://github.com/waqarhossen/earncashly.git
   6ddf33e..820348c  main -> main
[Thu Mar  5 00:06:56 GMT 2026] Successfully pushed to GitHub!
[Thu Mar  5 00:06:58 GMT 2026] Changes detected, pushing to GitHub...
 M watch.log
[main 4416264] Auto-update: 2026-03-05 00:06:58
 2 files changed, 14 insertions(+)
To https://github.com/waqarhossen/earncashly.git
   820348c..4416264  main -> main
[Thu Mar  5 00:07:00 GMT 2026] Successfully pushed to GitHub!
[Thu Mar  5 00:07:04 GMT 2026] Changes detected, pushing to GitHub...
 M watch.log
[main 7bbcee3] Auto-update: 2026-03-05 00:07:04
 2 files changed, 14 insertions(+)
To https://github.com/waqarhossen/earncashly.git
   4416264..7bbcee3  main -> main
[Thu Mar  5 00:07:05 GMT 2026] Successfully pushed to GitHub!
[Thu Mar  5 00:07:09 GMT 2026] Changes detected, pushing to GitHub...
 M watch.log
[main c5aa04b] Auto-update: 2026-03-05 00:07:09
 2 files changed, 14 insertions(+)
To https://github.com/waqarhossen/earncashly.git
   7bbcee3..c5aa04b  main -> main
[Thu Mar  5 00:07:10 GMT 2026] Successfully pushed to GitHub!
[Thu Mar  5 00:07:14 GMT 2026] Changes detected, pushing to GitHub...
 M watch.log
[main a518001] Auto-update: 2026-03-05 00:07:14
 2 files changed, 14 insertions(+)
To https://github.com/waqarhossen/earncashly.git
   c5aa04b..a518001  main -> main
[Thu Mar  5 00:07:17 GMT 2026] Successfully pushed to GitHub!
[Thu Mar  5 00:07:19 GMT 2026] Changes detected, pushing to GitHub...
 M watch.log
[main cbbf751] Auto-update: 2026-03-05 00:07:19
 2 files changed, 14 insertions(+)
To https://github.com/waqarhossen/earncashly.git
   a518001..cbbf751  main -> main
[Thu Mar  5 00:07:21 GMT 2026] Successfully pushed to GitHub!
[Thu Mar  5 00:07:25 GMT 2026] Changes detected, pushing to GitHub...
 M watch.log
[main e97e2fb] Auto-update: 2026-03-05 00:07:25
 2 files changed, 14 insertions(+)
To https://github.com/waqarhossen/earncashly.git
   cbbf751..e97e2fb  main -> main
[Thu Mar  5 00:07:26 GMT 2026] Successfully pushed to GitHub!
[Thu Mar  5 00:07:30 GMT 2026] Changes detected, pushing to GitHub...
 M watch.log
[main 0800813] Auto-update: 2026-03-05 00:07:30
 2 files changed, 14 insertions(+)
To https://github.com/waqarhossen/earncashly.git
   e97e2fb..0800813  main -> main
[Thu Mar  5 00:07:32 GMT 2026] Successfully pushed to GitHub!
[Thu Mar  5 00:07:36 GMT 2026] Changes detected, pushing to GitHub...
 M watch.log
[main 9317245] Auto-update: 2026-03-05 00:07:36
 2 files changed, 14 insertions(+)
To https://github.com/waqarhossen/earncashly.git
   0800813..9317245  main -> main
[Thu Mar  5 00:07:37 GMT 2026] Successfully pushed to GitHub!
[Thu Mar  5 00:07:41 GMT 2026] Changes detected, pushing to GitHub...
 M watch.log
[main af9057a] Auto-update: 2026-03-05 00:07:41
 2 files changed, 14 insertions(+)
To https://github.com/waqarhossen/earncashly.git
   9317245..af9057a  main -> main
[Thu Mar  5 00:07:43 GMT 2026] Successfully pushed to GitHub!
[Thu Mar  5 00:07:47 GMT 2026] Changes detected, pushing to GitHub...
 M watch.log
[main 3e5ac96] Auto-update: 2026-03-05 00:07:47
 2 files changed, 14 insertions(+)
To https://github.com/waqarhossen/earncashly.git
   af9057a..3e5ac96  main -> main
[Thu Mar  5 00:07:48 GMT 2026] Successfully pushed to GitHub!
[Thu Mar  5 00:07:52 GMT 2026] Changes detected, pushing to GitHub...
 M watch.log
[main 2727147] Auto-update: 2026-03-05 00:07:52
 2 files changed, 14 insertions(+)
To https://github.com/waqarhossen/earncashly.git
   3e5ac96..2727147  main -> main
[Thu Mar  5 00:07:53 GMT 2026] Successfully pushed to GitHub!
[Thu Mar  5 00:07:57 GMT 2026] Changes detected, pushing to GitHub...
 M watch.log
[main 0fd34bc] Auto-update: 2026-03-05 00:07:57
 2 files changed, 14 insertions(+)
To https://github.com/waqarhossen/earncashly.git
   2727147..0fd34bc  main -> main
[Thu Mar  5 00:07:59 GMT 2026] Successfully pushed to GitHub!
[Thu Mar  5 00:08:03 GMT 2026] Changes detected, pushing to GitHub...
 M watch.log
[main dd62dd1] Auto-update: 2026-03-05 00:08:03
 2 files changed, 14 insertions(+)
To https://github.com/waqarhossen/earncashly.git
   0fd34bc..dd62dd1  main -> main
[Thu Mar  5 00:08:04 GMT 2026] Successfully pushed to GitHub!
[Thu Mar  5 00:08:08 GMT 2026] Changes detected, pushing to GitHub...
 M watch.log
[main 1be9876] Auto-update: 2026-03-05 00:08:08
 2 files changed, 14 insertions(+)
To https://github.com/waqarhossen/earncashly.git
   dd62dd1..1be9876  main -> main
[Thu Mar  5 00:08:10 GMT 2026] Successfully pushed to GitHub!
[Thu Mar  5 00:08:14 GMT 2026] Changes detected, pushing to GitHub...
 M watch.log
[main a4d5b8d] Auto-update: 2026-03-05 00:08:14
 2 files changed, 14 insertions(+)
To https://github.com/waqarhossen/earncashly.git
   1be9876..a4d5b8d  main -> main
[Thu Mar  5 00:08:15 GMT 2026] Successfully pushed to GitHub!
[Thu Mar  5 00:08:19 GMT 2026] Changes detected, pushing to GitHub...
 M watch.log
[main cb2cc2d] Auto-update: 2026-03-05 00:08:19
 2 files changed, 14 insertions(+)
To https://github.com/waqarhossen/earncashly.git
   a4d5b8d..cb2cc2d  main -> main
[Thu Mar  5 00:08:21 GMT 2026] Successfully pushed to GitHub!
[Thu Mar  5 00:08:25 GMT 2026] Changes detected, pushing to GitHub...
 M watch.log
[main 9e8505f] Auto-update: 2026-03-05 00:08:25
 2 files changed, 14 insertions(+)
To https://github.com/waqarhossen/earncashly.git
   cb2cc2d..9e8505f  main -> main
[Thu Mar  5 00:08:26 GMT 2026] Successfully pushed to GitHub!
[Thu Mar  5 00:08:30 GMT 2026] Changes detected, pushing to GitHub...
 M watch.log
[main 52c734b] Auto-update: 2026-03-05 00:08:30
 2 files changed, 14 insertions(+)
To https://github.com/waqarhossen/earncashly.git
   9e8505f..52c734b  main -> main
[Thu Mar  5 00:08:31 GMT 2026] Successfully pushed to GitHub!
[Thu Mar  5 00:08:35 GMT 2026] Changes detected, pushing to GitHub...
 M watch.log
[main a6eee36] Auto-update: 2026-03-05 00:08:35
 2 files changed, 14 insertions(+)
To https://github.com/waqarhossen/earncashly.git
   52c734b..a6eee36  main -> main
[Thu Mar  5 00:08:38 GMT 2026] Successfully pushed to GitHub!
[Thu Mar  5 00:08:40 GMT 2026] Changes detected, pushing to GitHub...
 M watch.log
[main d5ea190] Auto-update: 2026-03-05 00:08:40
 2 files changed, 14 insertions(+)
To https://github.com/waqarhossen/earncashly.git
   a6eee36..d5ea190  main -> main
[Thu Mar  5 00:08:41 GMT 2026] Successfully pushed to GitHub!
[Thu Mar  5 00:08:45 GMT 2026] Changes detected, pushing to GitHub...
 M watch.log
[main 9d7e320] Auto-update: 2026-03-05 00:08:45
 2 files changed, 14 insertions(+)
To https://github.com/waqarhossen/earncashly.git
   d5ea190..9d7e320  main -> main
[Thu Mar  5 00:08:48 GMT 2026] Successfully pushed to GitHub!
[Thu Mar  5 00:08:50 GMT 2026] Changes detected, pushing to GitHub...
 M watch.log
[main a1ea862] Auto-update: 2026-03-05 00:08:50
 2 files changed, 14 insertions(+)
To https://github.com/waqarhossen/earncashly.git
   9d7e320..a1ea862  main -> main
[Thu Mar  5 00:08:51 GMT 2026] Successfully pushed to GitHub!
[Thu Mar  5 00:08:55 GMT 2026] Changes detected, pushing to GitHub...
 M watch.log
[main 162c527] Auto-update: 2026-03-05 00:08:55
 2 files changed, 14 insertions(+)
To https://github.com/waqarhossen/earncashly.git
   a1ea862..162c527  main -> main
[Thu Mar  5 00:08:57 GMT 2026] Successfully pushed to GitHub!
[Thu Mar  5 00:09:01 GMT 2026] Changes detected, pushing to GitHub...
 M watch.log
[main 4141b99] Auto-update: 2026-03-05 00:09:01
 2 files changed, 14 insertions(+)
To https://github.com/waqarhossen/earncashly.git
   162c527..4141b99  main -> main
[Thu Mar  5 00:09:04 GMT 2026] Successfully pushed to GitHub!
[Thu Mar  5 00:09:06 GMT 2026] Changes detected, pushing to GitHub...
 M watch.log
[main ee4288f] Auto-update: 2026-03-05 00:09:06
 2 files changed, 14 insertions(+)
To https://github.com/waqarhossen/earncashly.git
   4141b99..ee4288f  main -> main
[Thu Mar  5 00:09:08 GMT 2026] Successfully pushed to GitHub!
[Thu Mar  5 00:09:12 GMT 2026] Changes detected, pushing to GitHub...
 M watch.log
[main eb0d600] Auto-update: 2026-03-05 00:09:12
 2 files changed, 14 insertions(+)
To https://github.com/waqarhossen/earncashly.git
   ee4288f..eb0d600  main -> main
[Thu Mar  5 00:09:14 GMT 2026] Successfully pushed to GitHub!
[Thu Mar  5 00:09:18 GMT 2026] Changes detected, pushing to GitHub...
 M watch.log
[main 636ba63] Auto-update: 2026-03-05 00:09:18
 2 files changed, 14 insertions(+)
To https://github.com/waqarhossen/earncashly.git
   eb0d600..636ba63  main -> main
[Thu Mar  5 00:09:19 GMT 2026] Successfully pushed to GitHub!
[Thu Mar  5 00:09:23 GMT 2026] Changes detected, pushing to GitHub...
 M watch.log
[main 70e945b] Auto-update: 2026-03-05 00:09:23
 2 files changed, 14 insertions(+)
To https://github.com/waqarhossen/earncashly.git
   636ba63..70e945b  main -> main
[Thu Mar  5 00:09:25 GMT 2026] Successfully pushed to GitHub!
[Thu Mar  5 00:09:29 GMT 2026] Changes detected, pushing to GitHub...
 M watch.log
[main 2a8a28f] Auto-update: 2026-03-05 00:09:29
 2 files changed, 14 insertions(+)
To https://github.com/waqarhossen/earncashly.git
   70e945b..2a8a28f  main -> main
[Thu Mar  5 00:09:31 GMT 2026] Successfully pushed to GitHub!
[Thu Mar  5 00:09:35 GMT 2026] Changes detected, pushing to GitHub...
 M watch.log
[main 4ae14a4] Auto-update: 2026-03-05 00:09:35
 2 files changed, 14 insertions(+)
To https://github.com/waqarhossen/earncashly.git
   2a8a28f..4ae14a4  main -> main
[Thu Mar  5 00:09:37 GMT 2026] Successfully pushed to GitHub!
[Thu Mar  5 00:09:41 GMT 2026] Changes detected, pushing to GitHub...
 M watch.log
[main 0c1d177] Auto-update: 2026-03-05 00:09:41
 2 files changed, 14 insertions(+)
To https://github.com/waqarhossen/earncashly.git
   4ae14a4..0c1d177  main -> main
[Thu Mar  5 00:09:43 GMT 2026] Successfully pushed to GitHub!
[Thu Mar  5 00:09:47 GMT 2026] Changes detected, pushing to GitHub...
 M watch.log
[main 94b7c4f] Auto-update: 2026-03-05 00:09:47
 2 files changed, 14 insertions(+)
To https://github.com/waqarhossen/earncashly.git
   0c1d177..94b7c4f  main -> main
[Thu Mar  5 00:09:49 GMT 2026] Successfully pushed to GitHub!
[Thu Mar  5 00:09:53 GMT 2026] Changes detected, pushing to GitHub...
 M watch.log
[main 6bd0607] Auto-update: 2026-03-05 00:09:53
 2 files changed, 14 insertions(+)
To https://github.com/waqarhossen/earncashly.git
   94b7c4f..6bd0607  main -> main
[Thu Mar  5 00:09:55 GMT 2026] Successfully pushed to GitHub!
[Thu Mar  5 00:09:59 GMT 2026] Changes detected, pushing to GitHub...
 M watch.log
[main 0776711] Auto-update: 2026-03-05 00:09:59
 2 files changed, 14 insertions(+)
To https://github.com/waqarhossen/earncashly.git
   6bd0607..0776711  main -> main
[Thu Mar  5 00:10:00 GMT 2026] Successfully pushed to GitHub!
[Thu Mar  5 00:10:04 GMT 2026] Changes detected, pushing to GitHub...
 M watch.log
[main 1882538] Auto-update: 2026-03-05 00:10:04
 2 files changed, 14 insertions(+)
To https://github.com/waqarhossen/earncashly.git
   0776711..1882538  main -> main
[Thu Mar  5 00:10:06 GMT 2026] Successfully pushed to GitHub!
[Thu Mar  5 00:10:10 GMT 2026] Changes detected, pushing to GitHub...
 M watch.log
